<?xml version="1.0" encoding="UTF-8"?>
<!-- Generated by org.testng.reporters.JUnitReportReporter -->
<testsuite hostname="DESKTOP-LQQUFBA" failures="0" tests="1" name="com.auto.learn.testrunner.TestRunner$TestRunnner" time="17.991" errors="0" timestamp="2023-07-08T17:21:50 IST" skipped="0">
  <testcase classname="com.auto.learn.testrunner.TestRunner$TestRunnner" name="runScenario" time="17.991"/>
  <system-out/>
</testsuite> <!-- com.auto.learn.testrunner.TestRunner$TestRunnner -->
